<?xml version="1.0" encoding="UTF-8"?>
<!-- Generated by org.testng.reporters.JUnitReportReporter -->
<testsuite hostname="MS" failures="0" tests="2" name="workShopDec23.DataDrivenDeom" time="167.694" errors="0" timestamp="2023-12-20T10:35:53 IST" skipped="0">
  <testcase classname="workShopDec23.DataDrivenDeom" name="Login" time="90.443"/>
  <testcase classname="workShopDec23.DataDrivenDeom" name="Login" time="77.251"/>
</testsuite> <!-- workShopDec23.DataDrivenDeom -->
